<?xml version="1.0" encoding="UTF-8"?>
<robot generator="Robot 3.2.2 (Python 3.8.7 on win32)" generated="20210107 19:20:50.387" rpa="false">
<suite id="s1" name="Amazon" source="C:\Robot_Scripts\FirstScript-clone\Tests\Amazon.robot">
<test id="s1-t1" name="User launch to the url">
<kw name="Open Browser" library="SeleniumLibrary">
<doc>Opens a new browser instance to the optional ``url``.</doc>
<arguments>
<arg>https://google.com</arg>
<arg>${Browser}</arg>
</arguments>
<msg timestamp="20210107 19:20:50.799" level="INFO">Opening browser 'chrome' to base url 'https://google.com'.</msg>
<status status="PASS" starttime="20210107 19:20:50.799" endtime="20210107 19:20:58.461"></status>
</kw>
<kw name="Maximize Browser Window" library="SeleniumLibrary">
<doc>Maximizes current browser window.</doc>
<status status="PASS" starttime="20210107 19:20:58.461" endtime="20210107 19:20:58.582"></status>
</kw>
<tags>
<tag>Smoke</tag>
</tags>
<status status="PASS" starttime="20210107 19:20:50.798" endtime="20210107 19:20:58.583" critical="yes"></status>
</test>
<test id="s1-t2" name="Click Element on web page">
<kw name="Sleep" library="BuiltIn">
<doc>Pauses the test executed for the given time.</doc>
<arguments>
<arg>5s</arg>
</arguments>
<msg timestamp="20210107 19:21:03.586" level="INFO">Slept 5 seconds</msg>
<status status="PASS" starttime="20210107 19:20:58.584" endtime="20210107 19:21:03.586"></status>
</kw>
<kw name="Input Text" library="SeleniumLibrary">
<doc>Types the given ``text`` into the text field identified by ``locator``.</doc>
<arguments>
<arg>//*[@id="tsf"]/div[2]/div[1]/div[1]/div/div[2]/input</arg>
<arg>world map images</arg>
</arguments>
<msg timestamp="20210107 19:21:03.614" level="INFO">Typing text 'world map images' into text field '//*[@id="tsf"]/div[2]/div[1]/div[1]/div/div[2]/input'.</msg>
<status status="PASS" starttime="20210107 19:21:03.613" endtime="20210107 19:21:03.823"></status>
</kw>
<kw name="Click Element" library="SeleniumLibrary">
<doc>Click the element identified by ``locator``.</doc>
<arguments>
<arg>//*[@id="tsf"]/div[2]/div[1]/div[3]/center/input[1]</arg>
</arguments>
<msg timestamp="20210107 19:21:03.824" level="INFO">Clicking element '//*[@id="tsf"]/div[2]/div[1]/div[3]/center/input[1]'.</msg>
<status status="PASS" starttime="20210107 19:21:03.824" endtime="20210107 19:21:07.206"></status>
</kw>
<kw name="Sleep" library="BuiltIn">
<doc>Pauses the test executed for the given time.</doc>
<arguments>
<arg>5s</arg>
</arguments>
<msg timestamp="20210107 19:21:12.208" level="INFO">Slept 5 seconds</msg>
<status status="PASS" starttime="20210107 19:21:07.206" endtime="20210107 19:21:12.208"></status>
</kw>
<kw name="Close Browser" library="SeleniumLibrary">
<doc>Closes the current browser.</doc>
<status status="PASS" starttime="20210107 19:21:12.209" endtime="20210107 19:21:14.973"></status>
</kw>
<tags>
<tag>Enter World Map Image in search bar</tag>
</tags>
<status status="PASS" starttime="20210107 19:20:58.584" endtime="20210107 19:21:14.974" critical="yes"></status>
</test>
<doc>This is test documentation</doc>
<status status="PASS" starttime="20210107 19:20:50.391" endtime="20210107 19:21:14.976"></status>
</suite>
<statistics>
<total>
<stat pass="2" fail="0">Critical Tests</stat>
<stat pass="2" fail="0">All Tests</stat>
</total>
<tag>
<stat pass="1" fail="0">Enter World Map Image in search bar</stat>
<stat pass="1" fail="0">Smoke</stat>
</tag>
<suite>
<stat pass="2" fail="0" id="s1" name="Amazon">Amazon</stat>
</suite>
</statistics>
<errors>
</errors>
</robot>
