<?xml version="1.0" encoding="UTF-8"?>
<robot generator="Robot 3.2.2 (Python 3.8.7 on win32)" generated="20210107 23:34:54.203" rpa="false">
<suite id="s1" name="Amazon" source="C:\Robot_Scripts\FirstScript\Tests\Amazon.robot">
<test id="s1-t1" name="User launch to the url">
<kw name="Open Browser" library="SeleniumLibrary">
<doc>Opens a new browser instance to the optional ``url``.</doc>
<arguments>
<arg>https://google.com</arg>
<arg>${Browser}</arg>
</arguments>
<msg timestamp="20210107 23:34:54.615" level="INFO">Opening browser 'chrome' to base url 'https://google.com'.</msg>
<status status="PASS" starttime="20210107 23:34:54.615" endtime="20210107 23:35:03.390"></status>
</kw>
<kw name="Maximize Browser Window" library="SeleniumLibrary">
<doc>Maximizes current browser window.</doc>
<status status="PASS" starttime="20210107 23:35:03.390" endtime="20210107 23:35:03.570"></status>
</kw>
<tags>
<tag>Smoke</tag>
</tags>
<status status="PASS" starttime="20210107 23:34:54.614" endtime="20210107 23:35:03.574" critical="yes"></status>
</test>
<test id="s1-t2" name="Click Element on web page">
<kw name="Sleep" library="BuiltIn">
<doc>Pauses the test executed for the given time.</doc>
<arguments>
<arg>5s</arg>
</arguments>
<msg timestamp="20210107 23:35:08.581" level="INFO">Slept 5 seconds</msg>
<status status="PASS" starttime="20210107 23:35:03.577" endtime="20210107 23:35:08.581"></status>
</kw>
<kw name="Input Text" library="SeleniumLibrary">
<doc>Types the given ``text`` into the text field identified by ``locator``.</doc>
<arguments>
<arg>//*[@id="tsf"]/div[2]/div[1]/div[1]/div/div[2]/input</arg>
<arg>world map images</arg>
</arguments>
<msg timestamp="20210107 23:35:08.581" level="INFO">Typing text 'world map images' into text field '//*[@id="tsf"]/div[2]/div[1]/div[1]/div/div[2]/input'.</msg>
<status status="PASS" starttime="20210107 23:35:08.581" endtime="20210107 23:35:08.801"></status>
</kw>
<kw name="Sleep" library="BuiltIn">
<doc>Pauses the test executed for the given time.</doc>
<arguments>
<arg>10s</arg>
</arguments>
<msg timestamp="20210107 23:35:18.809" level="INFO">Slept 10 seconds</msg>
<status status="PASS" starttime="20210107 23:35:08.801" endtime="20210107 23:35:18.809"></status>
</kw>
<kw name="Click Element" library="SeleniumLibrary">
<doc>Click the element identified by ``locator``.</doc>
<msg timestamp="20210107 23:35:18.809" level="FAIL">Keyword 'SeleniumLibrary.Click Element' expected 1 to 3 arguments, got 0.</msg>
<status status="FAIL" starttime="20210107 23:35:18.809" endtime="20210107 23:35:18.809"></status>
</kw>
<tags>
<tag>Enter World diagram in search bar</tag>
</tags>
<status status="FAIL" starttime="20210107 23:35:03.576" endtime="20210107 23:35:18.809" critical="yes">Keyword 'SeleniumLibrary.Click Element' expected 1 to 3 arguments, got 0.</status>
</test>
<doc>This is test documentation</doc>
<status status="FAIL" starttime="20210107 23:34:54.208" endtime="20210107 23:35:18.822"></status>
</suite>
<statistics>
<total>
<stat pass="1" fail="1">Critical Tests</stat>
<stat pass="1" fail="1">All Tests</stat>
</total>
<tag>
<stat pass="0" fail="1">Enter World diagram in search bar</stat>
<stat pass="1" fail="0">Smoke</stat>
</tag>
<suite>
<stat pass="1" fail="1" id="s1" name="Amazon">Amazon</stat>
</suite>
</statistics>
<errors>
</errors>
</robot>
