<?xml version="1.0" encoding="UTF-8"?>
<robot generator="Robot 3.2.2 (Python 3.8.7 on win32)" generated="20210107 23:43:32.202" rpa="false">
<suite id="s1" name="Google" source="C:\Robot_Scripts\FirstScript\tests\google.robot">
<test id="s1-t1" name="User launch to the url">
<kw name="Open Browser" library="SeleniumLibrary">
<doc>Opens a new browser instance to the optional ``url``.</doc>
<arguments>
<arg>https://google.com</arg>
<arg>${Browser}</arg>
</arguments>
<msg timestamp="20210107 23:43:32.592" level="INFO">Opening browser 'chrome' to base url 'https://google.com'.</msg>
<status status="PASS" starttime="20210107 23:43:32.592" endtime="20210107 23:43:40.782"></status>
</kw>
<kw name="Maximize Browser Window" library="SeleniumLibrary">
<doc>Maximizes current browser window.</doc>
<status status="PASS" starttime="20210107 23:43:40.782" endtime="20210107 23:43:40.909"></status>
</kw>
<tags>
<tag>Smoke</tag>
</tags>
<status status="PASS" starttime="20210107 23:43:32.591" endtime="20210107 23:43:40.909" critical="yes"></status>
</test>
<test id="s1-t2" name="Click Element on web page">
<kw name="Sleep" library="BuiltIn">
<doc>Pauses the test executed for the given time.</doc>
<arguments>
<arg>5s</arg>
</arguments>
<msg timestamp="20210107 23:43:45.916" level="INFO">Slept 5 seconds</msg>
<status status="PASS" starttime="20210107 23:43:40.909" endtime="20210107 23:43:45.917"></status>
</kw>
<kw name="Input Text" library="SeleniumLibrary">
<doc>Types the given ``text`` into the text field identified by ``locator``.</doc>
<arguments>
<arg>//*[@id="tsf"]/div[2]/div[1]/div[1]/div/div[2]/input</arg>
<arg>world map images</arg>
</arguments>
<msg timestamp="20210107 23:43:45.918" level="INFO">Typing text 'world map images' into text field '//*[@id="tsf"]/div[2]/div[1]/div[1]/div/div[2]/input'.</msg>
<status status="PASS" starttime="20210107 23:43:45.918" endtime="20210107 23:43:46.096"></status>
</kw>
<kw name="Click Element" library="SeleniumLibrary">
<doc>Click the element identified by ``locator``.</doc>
<arguments>
<arg>//*[@id="tsf"]/div[2]/div[1]/div[3]/center/input[1]</arg>
</arguments>
<msg timestamp="20210107 23:43:46.097" level="INFO">Clicking element '//*[@id="tsf"]/div[2]/div[1]/div[3]/center/input[1]'.</msg>
<status status="PASS" starttime="20210107 23:43:46.097" endtime="20210107 23:43:49.572"></status>
</kw>
<kw name="Sleep" library="BuiltIn">
<doc>Pauses the test executed for the given time.</doc>
<arguments>
<arg>3s</arg>
</arguments>
<msg timestamp="20210107 23:43:52.576" level="INFO">Slept 3 seconds</msg>
<status status="PASS" starttime="20210107 23:43:49.572" endtime="20210107 23:43:52.576"></status>
</kw>
<kw name="Close Browser" library="SeleniumLibrary">
<doc>Closes the current browser.</doc>
<status status="PASS" starttime="20210107 23:43:52.576" endtime="20210107 23:43:55.583"></status>
</kw>
<tags>
<tag>Enter World Map Image in search bar</tag>
</tags>
<status status="PASS" starttime="20210107 23:43:40.909" endtime="20210107 23:43:55.584" critical="yes"></status>
</test>
<doc>This is test documentation</doc>
<status status="PASS" starttime="20210107 23:43:32.206" endtime="20210107 23:43:55.589"></status>
</suite>
<statistics>
<total>
<stat pass="2" fail="0">Critical Tests</stat>
<stat pass="2" fail="0">All Tests</stat>
</total>
<tag>
<stat pass="1" fail="0">Enter World Map Image in search bar</stat>
<stat pass="1" fail="0">Smoke</stat>
</tag>
<suite>
<stat pass="2" fail="0" id="s1" name="Google">Google</stat>
</suite>
</statistics>
<errors>
</errors>
</robot>
