<?xml version="1.0" encoding="UTF-8"?>
<robot generator="Robot 3.2.2 (Python 3.8.7 on win32)" generated="20210107 19:22:15.639" rpa="false">
<suite id="s1" name="Amazon" source="C:\Robot_Scripts\FirstScript-clone\tests\Amazon.robot">
<test id="s1-t1" name="User launch to the url">
<kw name="Open Browser" library="SeleniumLibrary">
<doc>Opens a new browser instance to the optional ``url``.</doc>
<arguments>
<arg>https://google.com</arg>
<arg>${Browser}</arg>
</arguments>
<msg timestamp="20210107 19:22:16.038" level="INFO">Opening browser 'ff' to base url 'https://google.com'.</msg>
<msg timestamp="20210107 19:22:16.041" level="INFO">Firefox driver log is always forced to to: C:\Robot_Scripts\FirstScript-clone\results\geckodriver-1.log</msg>
<status status="PASS" starttime="20210107 19:22:16.038" endtime="20210107 19:22:28.653"></status>
</kw>
<kw name="Maximize Browser Window" library="SeleniumLibrary">
<doc>Maximizes current browser window.</doc>
<status status="PASS" starttime="20210107 19:22:28.662" endtime="20210107 19:22:28.671"></status>
</kw>
<tags>
<tag>Smoke</tag>
</tags>
<status status="PASS" starttime="20210107 19:22:16.037" endtime="20210107 19:22:28.674" critical="yes"></status>
</test>
<test id="s1-t2" name="Click Element on web page">
<kw name="Sleep" library="BuiltIn">
<doc>Pauses the test executed for the given time.</doc>
<arguments>
<arg>5s</arg>
</arguments>
<msg timestamp="20210107 19:22:33.679" level="INFO">Slept 5 seconds</msg>
<status status="PASS" starttime="20210107 19:22:28.676" endtime="20210107 19:22:33.679"></status>
</kw>
<kw name="Input Text" library="SeleniumLibrary">
<doc>Types the given ``text`` into the text field identified by ``locator``.</doc>
<arguments>
<arg>//*[@id="tsf"]/div[2]/div[1]/div[1]/div/div[2]/input</arg>
<arg>world map images</arg>
</arguments>
<msg timestamp="20210107 19:22:33.679" level="INFO">Typing text 'world map images' into text field '//*[@id="tsf"]/div[2]/div[1]/div[1]/div/div[2]/input'.</msg>
<status status="PASS" starttime="20210107 19:22:33.679" endtime="20210107 19:22:33.783"></status>
</kw>
<kw name="Click Element" library="SeleniumLibrary">
<doc>Click the element identified by ``locator``.</doc>
<arguments>
<arg>//*[@id="tsf"]/div[2]/div[1]/div[3]/center/input[1]</arg>
</arguments>
<msg timestamp="20210107 19:22:33.790" level="INFO">Clicking element '//*[@id="tsf"]/div[2]/div[1]/div[3]/center/input[1]'.</msg>
<status status="PASS" starttime="20210107 19:22:33.790" endtime="20210107 19:22:38.181"></status>
</kw>
<kw name="Sleep" library="BuiltIn">
<doc>Pauses the test executed for the given time.</doc>
<arguments>
<arg>5s</arg>
</arguments>
<msg timestamp="20210107 19:22:43.194" level="INFO">Slept 5 seconds</msg>
<status status="PASS" starttime="20210107 19:22:38.193" endtime="20210107 19:22:43.194"></status>
</kw>
<kw name="Close Browser" library="SeleniumLibrary">
<doc>Closes the current browser.</doc>
<status status="PASS" starttime="20210107 19:22:43.196" endtime="20210107 19:22:45.172"></status>
</kw>
<tags>
<tag>Enter World Map Image in search bar</tag>
</tags>
<status status="PASS" starttime="20210107 19:22:28.675" endtime="20210107 19:22:45.288" critical="yes"></status>
</test>
<doc>This is test documentation</doc>
<status status="PASS" starttime="20210107 19:22:15.644" endtime="20210107 19:22:45.802"></status>
</suite>
<statistics>
<total>
<stat pass="2" fail="0">Critical Tests</stat>
<stat pass="2" fail="0">All Tests</stat>
</total>
<tag>
<stat pass="1" fail="0">Enter World Map Image in search bar</stat>
<stat pass="1" fail="0">Smoke</stat>
</tag>
<suite>
<stat pass="2" fail="0" id="s1" name="Amazon">Amazon</stat>
</suite>
</statistics>
<errors>
</errors>
</robot>
